<?xml version="1.0" encoding="UTF-8"?>
<!-- Generated by org.testng.reporters.JUnitXMLReporter -->
<testsuite ignored="0" hostname="TechMs-MacBook-Pro.local" failures="0" tests="9" name="Default test" time="7.898" errors="0" timestamp="2022-03-12T10:36:41 PST">
  <testcase classname="books.BookCompany" name="availableBooks" time="1.341"/>
  <testcase classname="books.BookCompany" name="createProfile" time="1.033"/>
  <testcase classname="books.BookCompany" name="fiveBooksPerPage" time="0.746"/>
  <testcase classname="books.BookCompany" name="logIn" time="0.818"/>
  <testcase classname="books.BookCompany" name="placeOrder" time="0.822"/>
  <testcase classname="books.BookCompany" name="typeBooks" time="0.54"/>
  <testcase classname="books.BookCompany" name="vieaAllOrders" time="0.708"/>
  <testcase classname="books.BookCompany" name="viewAllBooks" time="0.854"/>
  <testcase classname="books.BookCompany" name="viewBook" time="0.459"/>
</testsuite> <!-- Default test -->
