<?xml version="1.0" encoding="UTF-8"?>
<testng-results ignored="0" total="9" passed="9" failed="0" skipped="0">
  <reporter-output>
  </reporter-output>
  <suite started-at="2022-03-12T10:36:33 PST" name="Default suite" finished-at="2022-03-12T10:36:41 PST" duration-ms="7898">
    <groups>
    </groups>
    <test started-at="2022-03-12T10:36:33 PST" name="Default test" finished-at="2022-03-12T10:36:41 PST" duration-ms="7898">
      <class name="books.BookCompany">
        <test-method is-config="true" signature="startTesting()[pri:0, instance:books.BookCompany@6f46426d]" started-at="2022-03-12T10:36:33 PST" name="startTesting" finished-at="2022-03-12T10:36:33 PST" duration-ms="544" status="PASS">
          <reporter-output>
          </reporter-output>
        </test-method> <!-- startTesting -->
        <test-method signature="availableBooks()[pri:0, instance:books.BookCompany@6f46426d]" started-at="2022-03-12T10:36:33 PST" name="availableBooks" finished-at="2022-03-12T10:36:35 PST" duration-ms="1341" status="PASS">
          <reporter-output>
          </reporter-output>
        </test-method> <!-- availableBooks -->
        <test-method signature="createProfile()[pri:0, instance:books.BookCompany@6f46426d]" started-at="2022-03-12T10:36:35 PST" name="createProfile" finished-at="2022-03-12T10:36:36 PST" duration-ms="1033" status="PASS">
          <reporter-output>
          </reporter-output>
        </test-method> <!-- createProfile -->
        <test-method signature="fiveBooksPerPage()[pri:0, instance:books.BookCompany@6f46426d]" started-at="2022-03-12T10:36:36 PST" name="fiveBooksPerPage" finished-at="2022-03-12T10:36:37 PST" duration-ms="746" status="PASS">
          <reporter-output>
          </reporter-output>
        </test-method> <!-- fiveBooksPerPage -->
        <test-method signature="logIn()[pri:0, instance:books.BookCompany@6f46426d]" started-at="2022-03-12T10:36:37 PST" name="logIn" finished-at="2022-03-12T10:36:37 PST" duration-ms="818" status="PASS">
          <reporter-output>
          </reporter-output>
        </test-method> <!-- logIn -->
        <test-method signature="placeOrder()[pri:0, instance:books.BookCompany@6f46426d]" started-at="2022-03-12T10:36:37 PST" name="placeOrder" finished-at="2022-03-12T10:36:38 PST" duration-ms="822" status="PASS">
          <reporter-output>
          </reporter-output>
        </test-method> <!-- placeOrder -->
        <test-method signature="typeBooks()[pri:0, instance:books.BookCompany@6f46426d]" started-at="2022-03-12T10:36:38 PST" name="typeBooks" finished-at="2022-03-12T10:36:39 PST" duration-ms="540" status="PASS">
          <reporter-output>
          </reporter-output>
        </test-method> <!-- typeBooks -->
        <test-method signature="vieaAllOrders()[pri:0, instance:books.BookCompany@6f46426d]" started-at="2022-03-12T10:36:39 PST" name="vieaAllOrders" finished-at="2022-03-12T10:36:39 PST" duration-ms="708" status="PASS">
          <reporter-output>
          </reporter-output>
        </test-method> <!-- vieaAllOrders -->
        <test-method signature="viewAllBooks()[pri:0, instance:books.BookCompany@6f46426d]" started-at="2022-03-12T10:36:39 PST" name="viewAllBooks" finished-at="2022-03-12T10:36:40 PST" duration-ms="854" status="PASS">
          <reporter-output>
          </reporter-output>
        </test-method> <!-- viewAllBooks -->
        <test-method signature="viewBook()[pri:0, instance:books.BookCompany@6f46426d]" started-at="2022-03-12T10:36:40 PST" name="viewBook" finished-at="2022-03-12T10:36:41 PST" duration-ms="459" status="PASS">
          <reporter-output>
          </reporter-output>
        </test-method> <!-- viewBook -->
      </class> <!-- books.BookCompany -->
    </test> <!-- Default test -->
  </suite> <!-- Default suite -->
</testng-results>
